<?xml version="1.0" encoding="UTF-8"?>
<!-- Generated by org.testng.reporters.JUnitReportReporter -->
<testsuite hostname="LAPTOP-FV4H45NT" failures="0" tests="1" name="com.bookJane.testCases.TC_BKJ_002" time="7.525" errors="0" timestamp="31 May 2019 14:24:11 GMT" skipped="0">
  <testcase classname="com.bookJane.testCases.TC_BKJ_002" name="loginTest" time="7.525"/>
</testsuite> <!-- com.bookJane.testCases.TC_BKJ_002 -->
