<?xml version="1.0" encoding="UTF-8"?>
<!-- Generated by org.testng.reporters.JUnitReportReporter -->
<testsuite hostname="LAPTOP-FV4H45NT" failures="0" tests="1" name="com.bookJane.testCases.TC_BKJ_016" time="8.198" errors="0" timestamp="28 May 2019 02:31:20 GMT" skipped="0">
  <testcase classname="com.bookJane.testCases.TC_BKJ_016" name="loginTest" time="8.198"/>
</testsuite> <!-- com.bookJane.testCases.TC_BKJ_016 -->
