<?xml version="1.0" encoding="UTF-8"?>
<!-- Generated by org.testng.reporters.JUnitReportReporter -->
<testsuite hostname="LAPTOP-FV4H45NT" failures="0" tests="1" name="com.bookJane.testCases.TC_BKJ_012" time="28.479" errors="0" timestamp="11 Jun 2019 20:44:38 GMT" skipped="0">
  <testcase classname="com.bookJane.testCases.TC_BKJ_012" name="createShiftTest" time="28.479"/>
</testsuite> <!-- com.bookJane.testCases.TC_BKJ_012 -->
